Using pre-set license
Built from '2020.2/release' branch; Version is '2020.2.2f1 (068178b99f32) revision 426360'; Using compiler version '192528614'; Build Type 'Release'
OS: 'Windows 10 Education; OS build 18363.1500; Version 1909; 64bit' Language: 'ko' Physical Memory: 8150 MB
BatchMode: 1, IsHumanControllingUs: 0, StartBugReporterOnCrash: 0, Is64bit: 1, IsPro: 0

 COMMAND LINE ARGUMENTS:
D:\unity\2020.2.2f1\Editor\Unity.exe
-adb2
-batchMode
-noUpm
-name
AssetImportWorker0
-projectPath
D:/unity/New Unity Project (1)
-logFile
Logs/AssetImportWorker0.log
-srvPort
53967
Successfully changed project path to: D:/unity/New Unity Project (1)
D:/unity/New Unity Project (1)
Using Asset Import Pipeline V2.
Refreshing native plugins compatible for Editor in 42.39 ms, found 2 plugins.
Preloading 0 native plugins for Editor in 0.00 ms.
Initialize engine version: 2020.2.2f1 (068178b99f32)
[Subsystems] Discovering subsystems at path D:/unity/2020.2.2f1/Editor/Data/Resources/UnitySubsystems
[Subsystems] Discovering subsystems at path D:/unity/New Unity Project (1)/Assets
GfxDevice: creating device client; threaded=0
Direct3D:
    Version:  Direct3D 11.0 [level 11.1]
    Renderer: NVIDIA GeForce GTX 1050 Ti (ID=0x1c82)
    Vendor:   
    VRAM:     4018 MB
    Driver:   27.21.14.6079
Initialize mono
Mono path[0] = 'D:/unity/2020.2.2f1/Editor/Data/Managed'
Mono path[1] = 'D:/unity/2020.2.2f1/Editor/Data/MonoBleedingEdge/lib/mono/unityjit'
Mono config path = 'D:/unity/2020.2.2f1/Editor/Data/MonoBleedingEdge/etc'
Using monoOptions --debugger-agent=transport=dt_socket,embedding=1,server=y,suspend=n,address=127.0.0.1:56496
Begin MonoManager ReloadAssembly
Registering precompiled unity dll's ...
Register platform support module: D:/unity/2020.2.2f1/Editor/Data/PlaybackEngines/WindowsStandaloneSupport/UnityEditor.WindowsStandalone.Extensions.dll
Registered in 0.001609 seconds.
Native extension for WindowsStandalone target not found
Refreshing native plugins compatible for Editor in 40.37 ms, found 2 plugins.
Preloading 0 native plugins for Editor in 0.00 ms.
Invoked RoslynAnalysisRunner static constructor.
RoslynAnalysisRunner will not be running.
RoslynAnalysisRunner has terminated.
Mono: successfully reloaded assembly
- Completed reload, in  2.165 seconds
Platform modules already initialized, skipping
Registering precompiled user dll's ...
Registered in 0.009330 seconds.
Begin MonoManager ReloadAssembly
Native extension for WindowsStandalone target not found
Refreshing native plugins compatible for Editor in 41.84 ms, found 2 plugins.
Preloading 0 native plugins for Editor in 0.00 ms.
Invoked RoslynAnalysisRunner static constructor.
RoslynAnalysisRunner will not be running.
RoslynAnalysisRunner has terminated.
Mono: successfully reloaded assembly
- Completed reload, in  1.190 seconds
Platform modules already initialized, skipping
========================================================================
Worker process is ready to serve import requests
Launched and connected shader compiler UnityShaderCompiler.exe after 0.13 seconds
Refreshing native plugins compatible for Editor in 0.48 ms, found 2 plugins.
Preloading 0 native plugins for Editor in 0.00 ms.
Unloading 1809 Unused Serialized files (Serialized files now loaded: 0)
System memory in use before: 88.0 MB.
System memory in use after: 87.9 MB.

Unloading 40 unused Assets to reduce memory usage. Loaded Objects now: 2320.
Total: 2.929300 ms (FindLiveObjects: 0.248000 ms CreateObjectMapping: 0.080400 ms MarkObjects: 2.456600 ms  DeleteObjects: 0.142900 ms)

========================================================================
Received Import Request.
  path: Assets/arts/enemy
  artifactKey: Guid(bc66c6012ae4b0c4bb3634080dfceb88) Importer(815301076,1909f56bfc062723c751e8b465ee728b)
Start importing Assets/arts/enemy using Guid(bc66c6012ae4b0c4bb3634080dfceb88) Importer(815301076,1909f56bfc062723c751e8b465ee728b)  -> (artifact id: '27d622f7678af4b26c4a1fe8945b1300') in 0.006214 seconds
  Import took 0.047446 seconds .

========================================================================
Received Import Request.
  Time since last request: 0.000332 seconds.
  path: Assets/arts/enemy/RangedAttack.ogg
  artifactKey: Guid(f65edb97d205bca4f8067493db79cf61) Importer(815301076,1909f56bfc062723c751e8b465ee728b)
Start importing Assets/arts/enemy/RangedAttack.ogg using Guid(f65edb97d205bca4f8067493db79cf61) Importer(815301076,1909f56bfc062723c751e8b465ee728b)  -> (artifact id: '751ab795f527a490aff471864c5714d5') in 0.341504 seconds
  Import took 0.356929 seconds .

========================================================================
Received Import Request.
  Time since last request: 0.848091 seconds.
  path: Assets/arts/enemy/Enemies_Walk
  artifactKey: Guid(da2b23c0b0adb0d4287073936a00309d) Importer(815301076,1909f56bfc062723c751e8b465ee728b)
Start importing Assets/arts/enemy/Enemies_Walk using Guid(da2b23c0b0adb0d4287073936a00309d) Importer(815301076,1909f56bfc062723c751e8b465ee728b)  -> (artifact id: '372b28ea0cb9e619e576d30b13c85841') in 0.007450 seconds
  Import took 0.033459 seconds .

========================================================================
Received Import Request.
  Time since last request: 1.233002 seconds.
  path: Assets/arts/enemy/Enemies_Walk/ChomperWalk_00001.png
  artifactKey: Guid(d000f0901c2818b40b6ba49504634bcf) Importer(815301076,1909f56bfc062723c751e8b465ee728b)
Start importing Assets/arts/enemy/Enemies_Walk/ChomperWalk_00001.png using Guid(d000f0901c2818b40b6ba49504634bcf) Importer(815301076,1909f56bfc062723c751e8b465ee728b)  -> (artifact id: 'ccef2d4bdd2f693cbb222d53c16d8baa') in 0.134401 seconds
  Import took 0.152080 seconds .

========================================================================
Received Import Request.
  Time since last request: 0.000302 seconds.
  path: Assets/arts/enemy/Enemies_Walk/ChomperWalk_00005.png
  artifactKey: Guid(efb77de4ccf359f4f84bf9432eb9ef21) Importer(815301076,1909f56bfc062723c751e8b465ee728b)
Start importing Assets/arts/enemy/Enemies_Walk/ChomperWalk_00005.png using Guid(efb77de4ccf359f4f84bf9432eb9ef21) Importer(815301076,1909f56bfc062723c751e8b465ee728b)  -> (artifact id: '3a99a64cb595fe6f1e312c9dc6860fa0') in 0.043282 seconds
  Import took 0.060272 seconds .

========================================================================
Received Import Request.
  Time since last request: 0.000316 seconds.
  path: Assets/arts/enemy/Enemies_Walk/ChomperWalk_00019.png
  artifactKey: Guid(98a7d17573d6e094092af5596912ee0e) Importer(815301076,1909f56bfc062723c751e8b465ee728b)
Start importing Assets/arts/enemy/Enemies_Walk/ChomperWalk_00019.png using Guid(98a7d17573d6e094092af5596912ee0e) Importer(815301076,1909f56bfc062723c751e8b465ee728b)  -> (artifact id: '49301ae4788d9dfabf276ef9b69f9bdb') in 0.065602 seconds
  Import took 0.087793 seconds .

========================================================================
Received Import Request.
  Time since last request: 0.000304 seconds.
  path: Assets/arts/enemy/Enemies_Walk/ChomperWalk_00011.png
  artifactKey: Guid(bb5f7948021257448875b86d59763e7a) Importer(815301076,1909f56bfc062723c751e8b465ee728b)
Start importing Assets/arts/enemy/Enemies_Walk/ChomperWalk_00011.png using Guid(bb5f7948021257448875b86d59763e7a) Importer(815301076,1909f56bfc062723c751e8b465ee728b)  -> (artifact id: '9f9461b4fc6890eeff5e0f17d3618196') in 0.046722 seconds
  Import took 0.061197 seconds .

========================================================================
Received Import Request.
  Time since last request: 0.000534 seconds.
  path: Assets/arts/enemy/Enemies_Walk/ChomperWalk_00017.png
  artifactKey: Guid(2e7219ad017ec474fa4949d57499db6b) Importer(815301076,1909f56bfc062723c751e8b465ee728b)
Start importing Assets/arts/enemy/Enemies_Walk/ChomperWalk_00017.png using Guid(2e7219ad017ec474fa4949d57499db6b) Importer(815301076,1909f56bfc062723c751e8b465ee728b)  -> (artifact id: 'fd9d9fd78e27688155289c0083235992') in 0.037364 seconds
  Import took 0.041142 seconds .

========================================================================
Received Import Request.
  Time since last request: 0.000460 seconds.
  path: Assets/arts/enemy/Enemies_Walk/ChomperWalk_00007.png
  artifactKey: Guid(8fc63f611e2048441876b769c4677c41) Importer(815301076,1909f56bfc062723c751e8b465ee728b)
Start importing Assets/arts/enemy/Enemies_Walk/ChomperWalk_00007.png using Guid(8fc63f611e2048441876b769c4677c41) Importer(815301076,1909f56bfc062723c751e8b465ee728b)  -> (artifact id: '68283eb9eb6f63d11c8518c1887edb7e') in 0.041439 seconds
  Import took 0.046232 seconds .

========================================================================
Received Import Request.
  Time since last request: 0.000385 seconds.
  path: Assets/arts/enemy/Enemies_Walk/ChomperWalk_00003.png
  artifactKey: Guid(8674224d7eabb304389e8e06aa7c74c7) Importer(815301076,1909f56bfc062723c751e8b465ee728b)
Start importing Assets/arts/enemy/Enemies_Walk/ChomperWalk_00003.png using Guid(8674224d7eabb304389e8e06aa7c74c7) Importer(815301076,1909f56bfc062723c751e8b465ee728b)  -> (artifact id: 'f4572132040e23a5b873395943421aff') in 0.042500 seconds
  Import took 0.046528 seconds .

========================================================================
Received Import Request.
  Time since last request: 0.000381 seconds.
  path: Assets/arts/enemy/Enemies_Walk/ChomperWalk_00015.png
  artifactKey: Guid(16546e169d750004abd218e4f83ccf99) Importer(815301076,1909f56bfc062723c751e8b465ee728b)
Start importing Assets/arts/enemy/Enemies_Walk/ChomperWalk_00015.png using Guid(16546e169d750004abd218e4f83ccf99) Importer(815301076,1909f56bfc062723c751e8b465ee728b)  -> (artifact id: '687e1c29d2874551cefbcb4e55f48835') in 0.054762 seconds
  Import took 0.058043 seconds .

========================================================================
Received Import Request.
  Time since last request: 0.000323 seconds.
  path: Assets/arts/enemy/Enemies_Walk/ChomperWalk_00009.png
  artifactKey: Guid(66e78e0f837775b448ec2ae996a86123) Importer(815301076,1909f56bfc062723c751e8b465ee728b)
Start importing Assets/arts/enemy/Enemies_Walk/ChomperWalk_00009.png using Guid(66e78e0f837775b448ec2ae996a86123) Importer(815301076,1909f56bfc062723c751e8b465ee728b)  -> (artifact id: '81cb3376c7eb3ca181b08e98f403c131') in 0.042624 seconds
  Import took 0.046193 seconds .

========================================================================
Received Import Request.
  Time since last request: 0.000336 seconds.
  path: Assets/arts/enemy/Enemies_Walk/ChomperWalk_00013.png
  artifactKey: Guid(530fda8823644af4990128f4ae611d8f) Importer(815301076,1909f56bfc062723c751e8b465ee728b)
Start importing Assets/arts/enemy/Enemies_Walk/ChomperWalk_00013.png using Guid(530fda8823644af4990128f4ae611d8f) Importer(815301076,1909f56bfc062723c751e8b465ee728b)  -> (artifact id: 'ff7b7bb6454fa1ff053f2b06c4c35d82') in 0.062865 seconds
  Import took 0.066721 seconds .

========================================================================
Received Import Request.
  Time since last request: 2.970849 seconds.
  path: Assets/arts/enemy/Enemies_Death
  artifactKey: Guid(9f121cb946b68214bbc90303fd4106ff) Importer(815301076,1909f56bfc062723c751e8b465ee728b)
Start importing Assets/arts/enemy/Enemies_Death using Guid(9f121cb946b68214bbc90303fd4106ff) Importer(815301076,1909f56bfc062723c751e8b465ee728b)  -> (artifact id: 'ad80faf99cd3ca3f1df25323e1251a06') in 0.002992 seconds
  Import took 0.019561 seconds .

========================================================================
Received Import Request.
  Time since last request: 0.025930 seconds.
  path: Assets/arts/enemy/Enemies_Death/ChomperDEATH_Paint_01.png
  artifactKey: Guid(9d1f9e49f00b2ad4eb71029941baa214) Importer(815301076,1909f56bfc062723c751e8b465ee728b)
Start importing Assets/arts/enemy/Enemies_Death/ChomperDEATH_Paint_01.png using Guid(9d1f9e49f00b2ad4eb71029941baa214) Importer(815301076,1909f56bfc062723c751e8b465ee728b)  -> (artifact id: '5b4df131433c2ef473430202c55d5a8a') in 0.042881 seconds
  Import took 0.064243 seconds .

========================================================================
Received Import Request.
  Time since last request: 0.000396 seconds.
  path: Assets/arts/enemy/Enemies_Death/ChomperDEATH_Paint_07.png
  artifactKey: Guid(0a724355b4d75b24fac99ba9f09a1fb2) Importer(815301076,1909f56bfc062723c751e8b465ee728b)
Start importing Assets/arts/enemy/Enemies_Death/ChomperDEATH_Paint_07.png using Guid(0a724355b4d75b24fac99ba9f09a1fb2) Importer(815301076,1909f56bfc062723c751e8b465ee728b)  -> (artifact id: '081860a5562d7b0871f4c6e1900a7e64') in 0.048831 seconds
  Import took 0.063830 seconds .

========================================================================
Received Import Request.
  Time since last request: 0.000380 seconds.
  path: Assets/arts/enemy/Enemies_Death/ChomperDEATH_Paint_13.png
  artifactKey: Guid(a0385b6916e175e40976611a07d72c02) Importer(815301076,1909f56bfc062723c751e8b465ee728b)
Start importing Assets/arts/enemy/Enemies_Death/ChomperDEATH_Paint_13.png using Guid(a0385b6916e175e40976611a07d72c02) Importer(815301076,1909f56bfc062723c751e8b465ee728b)  -> (artifact id: 'dc3e49408a2bfc2fcb1ca01d4875a25d') in 0.056663 seconds
  Import took 0.060024 seconds .

========================================================================
Received Import Request.
  Time since last request: 0.000317 seconds.
  path: Assets/arts/enemy/Enemies_Death/ChomperDEATH_Paint_05.png
  artifactKey: Guid(223a23c98bbab82498a380089716dd74) Importer(815301076,1909f56bfc062723c751e8b465ee728b)
Start importing Assets/arts/enemy/Enemies_Death/ChomperDEATH_Paint_05.png using Guid(223a23c98bbab82498a380089716dd74) Importer(815301076,1909f56bfc062723c751e8b465ee728b)  -> (artifact id: '9f8344ecb0105b2357fbe65f71c894a5') in 0.069418 seconds
  Import took 0.072772 seconds .

========================================================================
Received Import Request.
  Time since last request: 0.000504 seconds.
  path: Assets/arts/enemy/Enemies_Death/ChomperDEATH_Paint_03.png
  artifactKey: Guid(a851c871d11801b49af8a21753c4bc9f) Importer(815301076,1909f56bfc062723c751e8b465ee728b)
Start importing Assets/arts/enemy/Enemies_Death/ChomperDEATH_Paint_03.png using Guid(a851c871d11801b49af8a21753c4bc9f) Importer(815301076,1909f56bfc062723c751e8b465ee728b)  -> (artifact id: '60d45b322798ca6274c91d2a5e30d2e0') in 0.053132 seconds
  Import took 0.057318 seconds .

========================================================================
Received Import Request.
  Time since last request: 0.000311 seconds.
  path: Assets/arts/enemy/Enemies_Death/ChomperDEATH_Paint_09.png
  artifactKey: Guid(90b2813f869d783418fdbc479394b0aa) Importer(815301076,1909f56bfc062723c751e8b465ee728b)
Start importing Assets/arts/enemy/Enemies_Death/ChomperDEATH_Paint_09.png using Guid(90b2813f869d783418fdbc479394b0aa) Importer(815301076,1909f56bfc062723c751e8b465ee728b)  -> (artifact id: '3db8106605b536605c9a3bbf451bdc97') in 0.048573 seconds
  Import took 0.057231 seconds .

========================================================================
Received Import Request.
  Time since last request: 0.000335 seconds.
  path: Assets/arts/enemy/Enemies_Death/ChomperDEATH_Paint_11.png
  artifactKey: Guid(29bf1c2f6d99fbe4bb782a2cb24a0d4d) Importer(815301076,1909f56bfc062723c751e8b465ee728b)
Start importing Assets/arts/enemy/Enemies_Death/ChomperDEATH_Paint_11.png using Guid(29bf1c2f6d99fbe4bb782a2cb24a0d4d) Importer(815301076,1909f56bfc062723c751e8b465ee728b)  -> (artifact id: 'fa314e6718c154570782585baf8df636') in 0.044515 seconds
  Import took 0.048464 seconds .

========================================================================
Received Import Request.
  Time since last request: 510.890222 seconds.
  path: Assets/arts/Script/Player.cs
  artifactKey: Guid(ea8ddac3dbcf2e448922fd297622e8d4) Importer(815301076,1909f56bfc062723c751e8b465ee728b)
Start importing Assets/arts/Script/Player.cs using Guid(ea8ddac3dbcf2e448922fd297622e8d4) Importer(815301076,1909f56bfc062723c751e8b465ee728b)  -> (artifact id: '42beac58e4e435930e5797f560f9f2d9') in 0.026701 seconds
  Import took 0.039734 seconds .

========================================================================
Received Import Request.
  Time since last request: 22.938618 seconds.
  path: Assets/arts/Script/Player.cs
  artifactKey: Guid(ea8ddac3dbcf2e448922fd297622e8d4) Importer(815301076,1909f56bfc062723c751e8b465ee728b)
Start importing Assets/arts/Script/Player.cs using Guid(ea8ddac3dbcf2e448922fd297622e8d4) Importer(815301076,1909f56bfc062723c751e8b465ee728b)  -> (artifact id: '8608bd82c8d70857a741a3c824d938f8') in 0.006878 seconds
  Import took 0.010997 seconds .

========================================================================
Received Prepare
Registering precompiled user dll's ...
Registered in 0.012880 seconds.
Begin MonoManager ReloadAssembly
Native extension for WindowsStandalone target not found
Refreshing native plugins compatible for Editor in 0.57 ms, found 2 plugins.
Preloading 0 native plugins for Editor in 0.00 ms.
Invoked RoslynAnalysisRunner static constructor.
RoslynAnalysisRunner will not be running.
RoslynAnalysisRunner has terminated.
Mono: successfully reloaded assembly
- Completed reload, in  1.362 seconds
Platform modules already initialized, skipping
Refreshing native plugins compatible for Editor in 0.45 ms, found 2 plugins.
Preloading 0 native plugins for Editor in 0.00 ms.
Unloading 1804 Unused Serialized files (Serialized files now loaded: 0)
System memory in use before: 91.2 MB.
System memory in use after: 91.2 MB.

Unloading 28 unused Assets to reduce memory usage. Loaded Objects now: 2335.
Total: 3.034500 ms (FindLiveObjects: 0.225700 ms CreateObjectMapping: 0.079400 ms MarkObjects: 2.486300 ms  DeleteObjects: 0.241300 ms)

========================================================================
Received Prepare
Registering precompiled user dll's ...
Registered in 0.289678 seconds.
Begin MonoManager ReloadAssembly
Native extension for WindowsStandalone target not found
Refreshing native plugins compatible for Editor in 0.47 ms, found 2 plugins.
Preloading 0 native plugins for Editor in 0.00 ms.
Invoked RoslynAnalysisRunner static constructor.
RoslynAnalysisRunner will not be running.
RoslynAnalysisRunner has terminated.
Mono: successfully reloaded assembly
- Completed reload, in  1.374 seconds
Platform modules already initialized, skipping
Refreshing native plugins compatible for Editor in 0.55 ms, found 2 plugins.
Preloading 0 native plugins for Editor in 0.00 ms.
Unloading 1804 Unused Serialized files (Serialized files now loaded: 0)
System memory in use before: 91.3 MB.
System memory in use after: 91.3 MB.

Unloading 28 unused Assets to reduce memory usage. Loaded Objects now: 2338.
Total: 2.972600 ms (FindLiveObjects: 0.337400 ms CreateObjectMapping: 0.112700 ms MarkObjects: 2.366500 ms  DeleteObjects: 0.154500 ms)

========================================================================
Received Prepare
Registering precompiled user dll's ...
Registered in 0.009957 seconds.
Begin MonoManager ReloadAssembly
Native extension for WindowsStandalone target not found
Refreshing native plugins compatible for Editor in 0.45 ms, found 2 plugins.
Preloading 0 native plugins for Editor in 0.00 ms.
Invoked RoslynAnalysisRunner static constructor.
RoslynAnalysisRunner will not be running.
RoslynAnalysisRunner has terminated.
Mono: successfully reloaded assembly
- Completed reload, in  1.060 seconds
Platform modules already initialized, skipping
Refreshing native plugins compatible for Editor in 0.67 ms, found 2 plugins.
Preloading 0 native plugins for Editor in 0.00 ms.
Unloading 1804 Unused Serialized files (Serialized files now loaded: 0)
System memory in use before: 91.4 MB.
System memory in use after: 91.4 MB.

Unloading 28 unused Assets to reduce memory usage. Loaded Objects now: 2341.
Total: 2.456300 ms (FindLiveObjects: 0.253800 ms CreateObjectMapping: 0.085600 ms MarkObjects: 1.996600 ms  DeleteObjects: 0.118400 ms)

========================================================================
Received Prepare
Registering precompiled user dll's ...
Registered in 0.007645 seconds.
Begin MonoManager ReloadAssembly
Native extension for WindowsStandalone target not found
Refreshing native plugins compatible for Editor in 0.57 ms, found 2 plugins.
Preloading 0 native plugins for Editor in 0.00 ms.
Invoked RoslynAnalysisRunner static constructor.
RoslynAnalysisRunner will not be running.
RoslynAnalysisRunner has terminated.
Mono: successfully reloaded assembly
- Completed reload, in  0.981 seconds
Platform modules already initialized, skipping
Refreshing native plugins compatible for Editor in 0.61 ms, found 2 plugins.
Preloading 0 native plugins for Editor in 0.00 ms.
Unloading 1804 Unused Serialized files (Serialized files now loaded: 0)
System memory in use before: 91.5 MB.
System memory in use after: 91.5 MB.

Unloading 28 unused Assets to reduce memory usage. Loaded Objects now: 2344.
Total: 3.371100 ms (FindLiveObjects: 0.415000 ms CreateObjectMapping: 0.149400 ms MarkObjects: 2.681000 ms  DeleteObjects: 0.123000 ms)

========================================================================
Received Prepare
Registering precompiled user dll's ...
Registered in 0.010295 seconds.
Begin MonoManager ReloadAssembly
Native extension for WindowsStandalone target not found
Refreshing native plugins compatible for Editor in 0.60 ms, found 2 plugins.
Preloading 0 native plugins for Editor in 0.00 ms.
Invoked RoslynAnalysisRunner static constructor.
RoslynAnalysisRunner will not be running.
RoslynAnalysisRunner has terminated.
Mono: successfully reloaded assembly
- Completed reload, in  0.991 seconds
Platform modules already initialized, skipping
Refreshing native plugins compatible for Editor in 0.50 ms, found 2 plugins.
Preloading 0 native plugins for Editor in 0.00 ms.
Unloading 1804 Unused Serialized files (Serialized files now loaded: 0)
System memory in use before: 91.5 MB.
System memory in use after: 91.5 MB.

Unloading 28 unused Assets to reduce memory usage. Loaded Objects now: 2347.
Total: 2.623300 ms (FindLiveObjects: 0.321800 ms CreateObjectMapping: 0.098900 ms MarkObjects: 2.053400 ms  DeleteObjects: 0.146400 ms)

========================================================================
Received Prepare
Registering precompiled user dll's ...
Registered in 0.007602 seconds.
Begin MonoManager ReloadAssembly
Native extension for WindowsStandalone target not found
Refreshing native plugins compatible for Editor in 0.56 ms, found 2 plugins.
Preloading 0 native plugins for Editor in 0.00 ms.
Invoked RoslynAnalysisRunner static constructor.
RoslynAnalysisRunner will not be running.
RoslynAnalysisRunner has terminated.
Mono: successfully reloaded assembly
- Completed reload, in  1.006 seconds
Platform modules already initialized, skipping
Refreshing native plugins compatible for Editor in 0.50 ms, found 2 plugins.
Preloading 0 native plugins for Editor in 0.00 ms.
Unloading 1804 Unused Serialized files (Serialized files now loaded: 0)
System memory in use before: 91.6 MB.
System memory in use after: 91.6 MB.

Unloading 28 unused Assets to reduce memory usage. Loaded Objects now: 2350.
Total: 3.016100 ms (FindLiveObjects: 0.342200 ms CreateObjectMapping: 0.087700 ms MarkObjects: 2.300600 ms  DeleteObjects: 0.284000 ms)

========================================================================
Received Prepare
Registering precompiled user dll's ...
Registered in 0.008293 seconds.
Begin MonoManager ReloadAssembly
Native extension for WindowsStandalone target not found
Refreshing native plugins compatible for Editor in 0.47 ms, found 2 plugins.
Preloading 0 native plugins for Editor in 0.00 ms.
Invoked RoslynAnalysisRunner static constructor.
RoslynAnalysisRunner will not be running.
RoslynAnalysisRunner has terminated.
Mono: successfully reloaded assembly
- Completed reload, in  1.028 seconds
Platform modules already initialized, skipping
Refreshing native plugins compatible for Editor in 0.56 ms, found 2 plugins.
Preloading 0 native plugins for Editor in 0.00 ms.
Unloading 1804 Unused Serialized files (Serialized files now loaded: 0)
System memory in use before: 91.7 MB.
System memory in use after: 91.7 MB.

Unloading 28 unused Assets to reduce memory usage. Loaded Objects now: 2353.
Total: 2.512600 ms (FindLiveObjects: 0.235800 ms CreateObjectMapping: 0.073000 ms MarkObjects: 2.054500 ms  DeleteObjects: 0.148200 ms)

========================================================================
Received Prepare
Registering precompiled user dll's ...
Registered in 0.008385 seconds.
Begin MonoManager ReloadAssembly
Native extension for WindowsStandalone target not found
Refreshing native plugins compatible for Editor in 0.49 ms, found 2 plugins.
Preloading 0 native plugins for Editor in 0.00 ms.
Invoked RoslynAnalysisRunner static constructor.
RoslynAnalysisRunner will not be running.
RoslynAnalysisRunner has terminated.
Mono: successfully reloaded assembly
- Completed reload, in  0.997 seconds
Platform modules already initialized, skipping
Refreshing native plugins compatible for Editor in 0.47 ms, found 2 plugins.
Preloading 0 native plugins for Editor in 0.00 ms.
Unloading 1804 Unused Serialized files (Serialized files now loaded: 0)
System memory in use before: 91.8 MB.
System memory in use after: 91.8 MB.

Unloading 28 unused Assets to reduce memory usage. Loaded Objects now: 2356.
Total: 2.190200 ms (FindLiveObjects: 0.241900 ms CreateObjectMapping: 0.087200 ms MarkObjects: 1.714100 ms  DeleteObjects: 0.145700 ms)

========================================================================
Received Prepare
Registering precompiled user dll's ...
Registered in 0.007669 seconds.
Begin MonoManager ReloadAssembly
Native extension for WindowsStandalone target not found
Refreshing native plugins compatible for Editor in 0.44 ms, found 2 plugins.
Preloading 0 native plugins for Editor in 0.00 ms.
Invoked RoslynAnalysisRunner static constructor.
RoslynAnalysisRunner will not be running.
RoslynAnalysisRunner has terminated.
Mono: successfully reloaded assembly
- Completed reload, in  0.968 seconds
Platform modules already initialized, skipping
Refreshing native plugins compatible for Editor in 0.44 ms, found 2 plugins.
Preloading 0 native plugins for Editor in 0.00 ms.
Unloading 1804 Unused Serialized files (Serialized files now loaded: 0)
System memory in use before: 91.9 MB.
System memory in use after: 91.9 MB.

Unloading 28 unused Assets to reduce memory usage. Loaded Objects now: 2359.
Total: 2.437300 ms (FindLiveObjects: 0.442700 ms CreateObjectMapping: 0.165400 ms MarkObjects: 1.681400 ms  DeleteObjects: 0.146000 ms)

========================================================================
Received Prepare
Registering precompiled user dll's ...
Registered in 0.008154 seconds.
Begin MonoManager ReloadAssembly
Native extension for WindowsStandalone target not found
Refreshing native plugins compatible for Editor in 0.52 ms, found 2 plugins.
Preloading 0 native plugins for Editor in 0.00 ms.
Invoked RoslynAnalysisRunner static constructor.
RoslynAnalysisRunner will not be running.
RoslynAnalysisRunner has terminated.
Mono: successfully reloaded assembly
- Completed reload, in  1.100 seconds
Platform modules already initialized, skipping
Refreshing native plugins compatible for Editor in 0.52 ms, found 2 plugins.
Preloading 0 native plugins for Editor in 0.00 ms.
Unloading 1804 Unused Serialized files (Serialized files now loaded: 0)
System memory in use before: 92.0 MB.
System memory in use after: 92.0 MB.

Unloading 28 unused Assets to reduce memory usage. Loaded Objects now: 2362.
Total: 2.639700 ms (FindLiveObjects: 0.318600 ms CreateObjectMapping: 0.101000 ms MarkObjects: 2.095600 ms  DeleteObjects: 0.122900 ms)

========================================================================
Received Prepare
Registering precompiled user dll's ...
Registered in 0.010984 seconds.
Begin MonoManager ReloadAssembly
Native extension for WindowsStandalone target not found
Refreshing native plugins compatible for Editor in 0.66 ms, found 2 plugins.
Preloading 0 native plugins for Editor in 0.00 ms.
Invoked RoslynAnalysisRunner static constructor.
RoslynAnalysisRunner will not be running.
RoslynAnalysisRunner has terminated.
Mono: successfully reloaded assembly
- Completed reload, in  1.069 seconds
Platform modules already initialized, skipping
Refreshing native plugins compatible for Editor in 0.53 ms, found 2 plugins.
Preloading 0 native plugins for Editor in 0.00 ms.
Unloading 1804 Unused Serialized files (Serialized files now loaded: 0)
System memory in use before: 92.1 MB.
System memory in use after: 92.1 MB.

Unloading 28 unused Assets to reduce memory usage. Loaded Objects now: 2365.
Total: 3.004800 ms (FindLiveObjects: 0.232600 ms CreateObjectMapping: 0.075700 ms MarkObjects: 2.559300 ms  DeleteObjects: 0.135500 ms)

========================================================================
Received Import Request.
  Time since last request: 1328.428373 seconds.
  path: ProjectSettings/TagManager.asset
  artifactKey: Guid(00000000000000003000000000000000) Importer(815301076,1909f56bfc062723c751e8b465ee728b)
Start importing ProjectSettings/TagManager.asset using Guid(00000000000000003000000000000000) Importer(815301076,1909f56bfc062723c751e8b465ee728b)  -> (artifact id: '32140339240c4393d5ca0edf7c15e40b') in 0.022834 seconds
  Import took 0.052778 seconds .

========================================================================
Received Import Request.
  Time since last request: 0.010168 seconds.
  path: ProjectSettings/TagManager.asset
  artifactKey: Guid(00000000000000003000000000000000) Importer(815301076,1909f56bfc062723c751e8b465ee728b)
Start importing ProjectSettings/TagManager.asset using Guid(00000000000000003000000000000000) Importer(815301076,1909f56bfc062723c751e8b465ee728b)  -> (artifact id: '32140339240c4393d5ca0edf7c15e40b') in 0.004749 seconds
  Import took 0.025505 seconds .

========================================================================
Received Import Request.
  Time since last request: 1324.994770 seconds.
  path: Assets/Animation/Enemy.controller
  artifactKey: Guid(b2fade4e75bca85468edd25ea51673be) Importer(815301076,1909f56bfc062723c751e8b465ee728b)
Start importing Assets/Animation/Enemy.controller using Guid(b2fade4e75bca85468edd25ea51673be) Importer(815301076,1909f56bfc062723c751e8b465ee728b)  -> (artifact id: 'e3d7b3826cb4d0b0e948679eaf270aa1') in 0.015999 seconds
  Import took 0.040805 seconds .

========================================================================
Received Import Request.
  Time since last request: 1.449263 seconds.
  path: Assets/Animation/ChomperWalk_00001.controller
  artifactKey: Guid(3773d9ec931ffb9469900410a15ad128) Importer(815301076,1909f56bfc062723c751e8b465ee728b)
Start importing Assets/Animation/ChomperWalk_00001.controller using Guid(3773d9ec931ffb9469900410a15ad128) Importer(815301076,1909f56bfc062723c751e8b465ee728b)  -> (artifact id: '038cce22912fefb952936f8fab6204bb') in 0.004548 seconds
  Import took 0.008768 seconds .

========================================================================
Received Import Request.
  Time since last request: 4.197512 seconds.
  path: Assets/Animation/ChomperDEATH_Paint_01.controller
  artifactKey: Guid(867e2282bd60b184db7c6d06dd3a3e21) Importer(815301076,1909f56bfc062723c751e8b465ee728b)
Start importing Assets/Animation/ChomperDEATH_Paint_01.controller using Guid(867e2282bd60b184db7c6d06dd3a3e21) Importer(815301076,1909f56bfc062723c751e8b465ee728b)  -> (artifact id: '03cef8d108d27f6988f67d894a0333b7') in 0.005518 seconds
  Import took 0.010412 seconds .

========================================================================
Received Prepare
Registering precompiled user dll's ...
Registered in 0.012124 seconds.
Begin MonoManager ReloadAssembly
Native extension for WindowsStandalone target not found
Refreshing native plugins compatible for Editor in 2.32 ms, found 2 plugins.
Preloading 0 native plugins for Editor in 0.00 ms.
Invoked RoslynAnalysisRunner static constructor.
RoslynAnalysisRunner will not be running.
RoslynAnalysisRunner has terminated.
Mono: successfully reloaded assembly
- Completed reload, in  1.155 seconds
Platform modules already initialized, skipping
Refreshing native plugins compatible for Editor in 0.57 ms, found 2 plugins.
Preloading 0 native plugins for Editor in 0.00 ms.
Unloading 1804 Unused Serialized files (Serialized files now loaded: 0)
System memory in use before: 92.2 MB.
System memory in use after: 92.2 MB.

Unloading 30 unused Assets to reduce memory usage. Loaded Objects now: 2368.
Total: 2.598500 ms (FindLiveObjects: 0.227400 ms CreateObjectMapping: 0.085500 ms MarkObjects: 2.164200 ms  DeleteObjects: 0.119600 ms)

========================================================================
Received Prepare
Registering precompiled user dll's ...
Registered in 0.010867 seconds.
Begin MonoManager ReloadAssembly
Native extension for WindowsStandalone target not found
Refreshing native plugins compatible for Editor in 0.49 ms, found 2 plugins.
Preloading 0 native plugins for Editor in 0.00 ms.
Invoked RoslynAnalysisRunner static constructor.
RoslynAnalysisRunner will not be running.
RoslynAnalysisRunner has terminated.
Mono: successfully reloaded assembly
- Completed reload, in  1.072 seconds
Platform modules already initialized, skipping
Refreshing native plugins compatible for Editor in 0.60 ms, found 2 plugins.
Preloading 0 native plugins for Editor in 0.00 ms.
Unloading 1804 Unused Serialized files (Serialized files now loaded: 0)
System memory in use before: 92.2 MB.
System memory in use after: 92.2 MB.

Unloading 28 unused Assets to reduce memory usage. Loaded Objects now: 2371.
Total: 2.028200 ms (FindLiveObjects: 0.252100 ms CreateObjectMapping: 0.072200 ms MarkObjects: 1.591800 ms  DeleteObjects: 0.110700 ms)

========================================================================
Received Prepare
Registering precompiled user dll's ...
Registered in 0.009737 seconds.
Begin MonoManager ReloadAssembly
Native extension for WindowsStandalone target not found
Refreshing native plugins compatible for Editor in 0.45 ms, found 2 plugins.
Preloading 0 native plugins for Editor in 0.00 ms.
Invoked RoslynAnalysisRunner static constructor.
RoslynAnalysisRunner will not be running.
RoslynAnalysisRunner has terminated.
Mono: successfully reloaded assembly
- Completed reload, in  1.072 seconds
Platform modules already initialized, skipping
Refreshing native plugins compatible for Editor in 0.50 ms, found 2 plugins.
Preloading 0 native plugins for Editor in 0.00 ms.
Unloading 1804 Unused Serialized files (Serialized files now loaded: 0)
System memory in use before: 92.3 MB.
System memory in use after: 92.3 MB.

Unloading 28 unused Assets to reduce memory usage. Loaded Objects now: 2374.
Total: 2.476400 ms (FindLiveObjects: 0.237300 ms CreateObjectMapping: 0.072200 ms MarkObjects: 2.052600 ms  DeleteObjects: 0.112500 ms)

========================================================================
Received Prepare
Registering precompiled user dll's ...
Registered in 0.011745 seconds.
Begin MonoManager ReloadAssembly
Native extension for WindowsStandalone target not found
Refreshing native plugins compatible for Editor in 0.50 ms, found 2 plugins.
Preloading 0 native plugins for Editor in 0.00 ms.
Invoked RoslynAnalysisRunner static constructor.
RoslynAnalysisRunner will not be running.
RoslynAnalysisRunner has terminated.
Mono: successfully reloaded assembly
- Completed reload, in  1.038 seconds
Platform modules already initialized, skipping
Refreshing native plugins compatible for Editor in 0.55 ms, found 2 plugins.
Preloading 0 native plugins for Editor in 0.00 ms.
Unloading 1804 Unused Serialized files (Serialized files now loaded: 0)
System memory in use before: 92.4 MB.
System memory in use after: 92.4 MB.

Unloading 28 unused Assets to reduce memory usage. Loaded Objects now: 2377.
Total: 2.584500 ms (FindLiveObjects: 0.300200 ms CreateObjectMapping: 0.107800 ms MarkObjects: 2.042300 ms  DeleteObjects: 0.132400 ms)

========================================================================
Received Prepare
Registering precompiled user dll's ...
Registered in 0.009027 seconds.
Begin MonoManager ReloadAssembly
Native extension for WindowsStandalone target not found
Refreshing native plugins compatible for Editor in 0.82 ms, found 2 plugins.
Preloading 0 native plugins for Editor in 0.00 ms.
Invoked RoslynAnalysisRunner static constructor.
RoslynAnalysisRunner will not be running.
RoslynAnalysisRunner has terminated.
Mono: successfully reloaded assembly
- Completed reload, in  1.055 seconds
Platform modules already initialized, skipping
Refreshing native plugins compatible for Editor in 0.45 ms, found 2 plugins.
Preloading 0 native plugins for Editor in 0.00 ms.
Unloading 1804 Unused Serialized files (Serialized files now loaded: 0)
System memory in use before: 92.5 MB.
System memory in use after: 92.5 MB.

Unloading 28 unused Assets to reduce memory usage. Loaded Objects now: 2380.
Total: 2.498800 ms (FindLiveObjects: 0.262500 ms CreateObjectMapping: 0.087500 ms MarkObjects: 1.923600 ms  DeleteObjects: 0.223400 ms)

========================================================================
Received Prepare
Registering precompiled user dll's ...
Registered in 0.008374 seconds.
Begin MonoManager ReloadAssembly
Native extension for WindowsStandalone target not found
Refreshing native plugins compatible for Editor in 0.61 ms, found 2 plugins.
Preloading 0 native plugins for Editor in 0.00 ms.
Invoked RoslynAnalysisRunner static constructor.
RoslynAnalysisRunner will not be running.
RoslynAnalysisRunner has terminated.
Mono: successfully reloaded assembly
- Completed reload, in  1.063 seconds
Platform modules already initialized, skipping
Refreshing native plugins compatible for Editor in 1.30 ms, found 2 plugins.
Preloading 0 native plugins for Editor in 0.00 ms.
Unloading 1804 Unused Serialized files (Serialized files now loaded: 0)
System memory in use before: 92.6 MB.
System memory in use after: 92.6 MB.

Unloading 28 unused Assets to reduce memory usage. Loaded Objects now: 2383.
Total: 3.228200 ms (FindLiveObjects: 0.599900 ms CreateObjectMapping: 0.135200 ms MarkObjects: 2.286700 ms  DeleteObjects: 0.204200 ms)

========================================================================
Received Prepare
Registering precompiled user dll's ...
Registered in 0.007886 seconds.
Begin MonoManager ReloadAssembly
Native extension for WindowsStandalone target not found
Refreshing native plugins compatible for Editor in 0.68 ms, found 2 plugins.
Preloading 0 native plugins for Editor in 0.00 ms.
Invoked RoslynAnalysisRunner static constructor.
RoslynAnalysisRunner will not be running.
RoslynAnalysisRunner has terminated.
Mono: successfully reloaded assembly
- Completed reload, in  0.999 seconds
Platform modules already initialized, skipping
Refreshing native plugins compatible for Editor in 0.56 ms, found 2 plugins.
Preloading 0 native plugins for Editor in 0.00 ms.
Unloading 1804 Unused Serialized files (Serialized files now loaded: 0)
System memory in use before: 92.7 MB.
System memory in use after: 92.7 MB.

Unloading 28 unused Assets to reduce memory usage. Loaded Objects now: 2386.
Total: 2.404900 ms (FindLiveObjects: 0.230000 ms CreateObjectMapping: 0.077300 ms MarkObjects: 1.828400 ms  DeleteObjects: 0.268000 ms)

========================================================================
Received Import Request.
  Time since last request: 1941.704153 seconds.
  path: Assets/arts/enemy/NewAudioMixer.mixer
  artifactKey: Guid(37c9b05692076be45a6dbbfe13e17876) Importer(815301076,1909f56bfc062723c751e8b465ee728b)
Start importing Assets/arts/enemy/NewAudioMixer.mixer using Guid(37c9b05692076be45a6dbbfe13e17876) Importer(815301076,1909f56bfc062723c751e8b465ee728b)  -> (artifact id: '961c533c38be3d9a14977a7412c3f5ba') in 0.022931 seconds
  Import took 0.035829 seconds .

========================================================================
Received Import Request.
  Time since last request: 18.936257 seconds.
  path: Assets/arts/enemy/AudioMixer.mixer
  artifactKey: Guid(37c9b05692076be45a6dbbfe13e17876) Importer(815301076,1909f56bfc062723c751e8b465ee728b)
Start importing Assets/arts/enemy/AudioMixer.mixer using Guid(37c9b05692076be45a6dbbfe13e17876) Importer(815301076,1909f56bfc062723c751e8b465ee728b)  -> (artifact id: 'c5b505bae0b8fdabd7a662e24a6f55d8') in 0.005510 seconds
  Import took 0.029702 seconds .

========================================================================
Received Import Request.
  Time since last request: 13.324933 seconds.
  path: Assets/arts/enemy/AudioMixer.mixer
  artifactKey: Guid(37c9b05692076be45a6dbbfe13e17876) Importer(815301076,1909f56bfc062723c751e8b465ee728b)
Start importing Assets/arts/enemy/AudioMixer.mixer using Guid(37c9b05692076be45a6dbbfe13e17876) Importer(815301076,1909f56bfc062723c751e8b465ee728b)  -> (artifact id: 'fe8477613cdd04c071ac655d6ff937db') in 0.004518 seconds
  Import took 0.008160 seconds .

========================================================================
Received Import Request.
  Time since last request: 0.248032 seconds.
  path: Assets/arts/enemy/AudioMixer.mixer
  artifactKey: Guid(37c9b05692076be45a6dbbfe13e17876) Importer(815301076,1909f56bfc062723c751e8b465ee728b)
Start importing Assets/arts/enemy/AudioMixer.mixer using Guid(37c9b05692076be45a6dbbfe13e17876) Importer(815301076,1909f56bfc062723c751e8b465ee728b)  -> (artifact id: 'fe8477613cdd04c071ac655d6ff937db') in 0.005914 seconds
  Import took 0.010279 seconds .

========================================================================
Received Import Request.
  Time since last request: 4.547001 seconds.
  path: Assets/arts/enemy/AudioMixer.mixer
  artifactKey: Guid(37c9b05692076be45a6dbbfe13e17876) Importer(815301076,1909f56bfc062723c751e8b465ee728b)
Start importing Assets/arts/enemy/AudioMixer.mixer using Guid(37c9b05692076be45a6dbbfe13e17876) Importer(815301076,1909f56bfc062723c751e8b465ee728b)  -> (artifact id: 'fa1d0c63de2efd7b0b6d231341cac942') in 0.005411 seconds
  Import took 0.009466 seconds .

========================================================================
Received Import Request.
  Time since last request: 6.542902 seconds.
  path: Assets/arts/enemy/AudioMixer.mixer
  artifactKey: Guid(37c9b05692076be45a6dbbfe13e17876) Importer(815301076,1909f56bfc062723c751e8b465ee728b)
Start importing Assets/arts/enemy/AudioMixer.mixer using Guid(37c9b05692076be45a6dbbfe13e17876) Importer(815301076,1909f56bfc062723c751e8b465ee728b)  -> (artifact id: '8aab0226308eaad78fb24c02aa10069d') in 0.003831 seconds
  Import took 0.010103 seconds .

========================================================================
Received Import Request.
  Time since last request: 0.020221 seconds.
  path: Assets/arts/enemy/AudioMixer.mixer
  artifactKey: Guid(37c9b05692076be45a6dbbfe13e17876) Importer(815301076,1909f56bfc062723c751e8b465ee728b)
Start importing Assets/arts/enemy/AudioMixer.mixer using Guid(37c9b05692076be45a6dbbfe13e17876) Importer(815301076,1909f56bfc062723c751e8b465ee728b)  -> (artifact id: '8aab0226308eaad78fb24c02aa10069d') in 0.009977 seconds
  Import took 0.014654 seconds .

========================================================================
Received Import Request.
  Time since last request: 21.685536 seconds.
  path: Assets/arts/enemy/AudioMixer.mixer
  artifactKey: Guid(37c9b05692076be45a6dbbfe13e17876) Importer(815301076,1909f56bfc062723c751e8b465ee728b)
Start importing Assets/arts/enemy/AudioMixer.mixer using Guid(37c9b05692076be45a6dbbfe13e17876) Importer(815301076,1909f56bfc062723c751e8b465ee728b)  -> (artifact id: '513e37667277e7e4afd2391483ab6406') in 0.004392 seconds
  Import took 0.024630 seconds .

========================================================================
Received Import Request.
  Time since last request: 0.004812 seconds.
  path: Assets/arts/enemy/AudioMixer.mixer
  artifactKey: Guid(37c9b05692076be45a6dbbfe13e17876) Importer(815301076,1909f56bfc062723c751e8b465ee728b)
Start importing Assets/arts/enemy/AudioMixer.mixer using Guid(37c9b05692076be45a6dbbfe13e17876) Importer(815301076,1909f56bfc062723c751e8b465ee728b)  -> (artifact id: '513e37667277e7e4afd2391483ab6406') in 0.005018 seconds
  Import took 0.009805 seconds .

========================================================================
Received Prepare
Registering precompiled user dll's ...
Registered in 0.010377 seconds.
Begin MonoManager ReloadAssembly
Native extension for WindowsStandalone target not found
Refreshing native plugins compatible for Editor in 0.45 ms, found 2 plugins.
Preloading 0 native plugins for Editor in 0.00 ms.
Invoked RoslynAnalysisRunner static constructor.
RoslynAnalysisRunner will not be running.
RoslynAnalysisRunner has terminated.
Mono: successfully reloaded assembly
- Completed reload, in  0.998 seconds
Platform modules already initialized, skipping
Refreshing native plugins compatible for Editor in 0.46 ms, found 2 plugins.
Preloading 0 native plugins for Editor in 0.00 ms.
Unloading 1804 Unused Serialized files (Serialized files now loaded: 0)
System memory in use before: 92.8 MB.
System memory in use after: 92.8 MB.

Unloading 28 unused Assets to reduce memory usage. Loaded Objects now: 2389.
Total: 2.505400 ms (FindLiveObjects: 0.477700 ms CreateObjectMapping: 0.179300 ms MarkObjects: 1.646600 ms  DeleteObjects: 0.200900 ms)

========================================================================
Received Prepare
Registering precompiled user dll's ...
Registered in 0.007734 seconds.
Begin MonoManager ReloadAssembly
Native extension for WindowsStandalone target not found
Refreshing native plugins compatible for Editor in 0.46 ms, found 2 plugins.
Preloading 0 native plugins for Editor in 0.00 ms.
Invoked RoslynAnalysisRunner static constructor.
RoslynAnalysisRunner will not be running.
RoslynAnalysisRunner has terminated.
Mono: successfully reloaded assembly
- Completed reload, in  0.968 seconds
Platform modules already initialized, skipping
Refreshing native plugins compatible for Editor in 0.58 ms, found 2 plugins.
Preloading 0 native plugins for Editor in 0.00 ms.
Unloading 1804 Unused Serialized files (Serialized files now loaded: 0)
System memory in use before: 92.8 MB.
System memory in use after: 92.8 MB.

Unloading 28 unused Assets to reduce memory usage. Loaded Objects now: 2392.
Total: 2.049100 ms (FindLiveObjects: 0.244100 ms CreateObjectMapping: 0.076700 ms MarkObjects: 1.581500 ms  DeleteObjects: 0.145500 ms)

========================================================================
Received Prepare
Registering precompiled user dll's ...
Registered in 0.009201 seconds.
Begin MonoManager ReloadAssembly
Native extension for WindowsStandalone target not found
Refreshing native plugins compatible for Editor in 0.70 ms, found 2 plugins.
Preloading 0 native plugins for Editor in 0.00 ms.
Invoked RoslynAnalysisRunner static constructor.
RoslynAnalysisRunner will not be running.
RoslynAnalysisRunner has terminated.
Mono: successfully reloaded assembly
- Completed reload, in  1.163 seconds
Platform modules already initialized, skipping
Refreshing native plugins compatible for Editor in 0.54 ms, found 2 plugins.
Preloading 0 native plugins for Editor in 0.00 ms.
Unloading 1804 Unused Serialized files (Serialized files now loaded: 0)
System memory in use before: 92.9 MB.
System memory in use after: 92.9 MB.

Unloading 28 unused Assets to reduce memory usage. Loaded Objects now: 2395.
Total: 2.655900 ms (FindLiveObjects: 0.600700 ms CreateObjectMapping: 0.148800 ms MarkObjects: 1.774500 ms  DeleteObjects: 0.130400 ms)

========================================================================
Received Import Request.
  Time since last request: 279.709834 seconds.
  path: Assets/arts/enemy/AudioMixer.mixer
  artifactKey: Guid(37c9b05692076be45a6dbbfe13e17876) Importer(815301076,1909f56bfc062723c751e8b465ee728b)
Start importing Assets/arts/enemy/AudioMixer.mixer using Guid(37c9b05692076be45a6dbbfe13e17876) Importer(815301076,1909f56bfc062723c751e8b465ee728b)  -> (artifact id: '35e1a2e8db15d2e79414ee43cf6ade23') in 0.019874 seconds
  Import took 0.041948 seconds .

AssetImportWorkerClient::OnTransportError - code=2 error=End of file
