Using pre-set license
Built from '2020.2/release' branch; Version is '2020.2.2f1 (068178b99f32) revision 426360'; Using compiler version '192528614'; Build Type 'Release'
OS: 'Windows 10 Education; OS build 18363.1500; Version 1909; 64bit' Language: 'ko' Physical Memory: 8150 MB
BatchMode: 1, IsHumanControllingUs: 0, StartBugReporterOnCrash: 0, Is64bit: 1, IsPro: 0

 COMMAND LINE ARGUMENTS:
D:\unity\2020.2.2f1\Editor\Unity.exe
-adb2
-batchMode
-noUpm
-name
AssetImportWorker0
-projectPath
C:/Users/USER/Documents/GitHub/classgit-dahyun-ee/20201290_Project
-logFile
Logs/AssetImportWorker0.log
-srvPort
52296
Successfully changed project path to: C:/Users/USER/Documents/GitHub/classgit-dahyun-ee/20201290_Project
C:/Users/USER/Documents/GitHub/classgit-dahyun-ee/20201290_Project
Using Asset Import Pipeline V2.
Refreshing native plugins compatible for Editor in 52.58 ms, found 2 plugins.
Preloading 0 native plugins for Editor in 0.00 ms.
Initialize engine version: 2020.2.2f1 (068178b99f32)
[Subsystems] Discovering subsystems at path D:/unity/2020.2.2f1/Editor/Data/Resources/UnitySubsystems
[Subsystems] Discovering subsystems at path C:/Users/USER/Documents/GitHub/classgit-dahyun-ee/20201290_Project/Assets
GfxDevice: creating device client; threaded=0
Direct3D:
    Version:  Direct3D 11.0 [level 11.1]
    Renderer: NVIDIA GeForce GTX 1050 Ti (ID=0x1c82)
    Vendor:   
    VRAM:     4018 MB
    Driver:   27.21.14.6079
Initialize mono
Mono path[0] = 'D:/unity/2020.2.2f1/Editor/Data/Managed'
Mono path[1] = 'D:/unity/2020.2.2f1/Editor/Data/MonoBleedingEdge/lib/mono/unityjit'
Mono config path = 'D:/unity/2020.2.2f1/Editor/Data/MonoBleedingEdge/etc'
Using monoOptions --debugger-agent=transport=dt_socket,embedding=1,server=y,suspend=n,address=127.0.0.1:56188
Begin MonoManager ReloadAssembly
Registering precompiled unity dll's ...
Register platform support module: D:/unity/2020.2.2f1/Editor/Data/PlaybackEngines/WindowsStandaloneSupport/UnityEditor.WindowsStandalone.Extensions.dll
Registered in 0.001628 seconds.
Native extension for WindowsStandalone target not found
Refreshing native plugins compatible for Editor in 41.88 ms, found 2 plugins.
Preloading 0 native plugins for Editor in 0.00 ms.
Invoked RoslynAnalysisRunner static constructor.
RoslynAnalysisRunner will not be running.
RoslynAnalysisRunner has terminated.
Mono: successfully reloaded assembly
- Completed reload, in  2.589 seconds
Platform modules already initialized, skipping
Registering precompiled user dll's ...
Registered in 0.020908 seconds.
Begin MonoManager ReloadAssembly
Native extension for WindowsStandalone target not found
Refreshing native plugins compatible for Editor in 42.93 ms, found 2 plugins.
Preloading 0 native plugins for Editor in 0.00 ms.
Invoked RoslynAnalysisRunner static constructor.
RoslynAnalysisRunner will not be running.
RoslynAnalysisRunner has terminated.
Mono: successfully reloaded assembly
- Completed reload, in  1.265 seconds
Platform modules already initialized, skipping
========================================================================
Worker process is ready to serve import requests
Launched and connected shader compiler UnityShaderCompiler.exe after 0.12 seconds
Refreshing native plugins compatible for Editor in 0.53 ms, found 2 plugins.
Preloading 0 native plugins for Editor in 0.00 ms.
Unloading 1809 Unused Serialized files (Serialized files now loaded: 0)
System memory in use before: 88.0 MB.
System memory in use after: 87.9 MB.

Unloading 40 unused Assets to reduce memory usage. Loaded Objects now: 2320.
Total: 2.424000 ms (FindLiveObjects: 0.186400 ms CreateObjectMapping: 0.113200 ms MarkObjects: 1.836500 ms  DeleteObjects: 0.287000 ms)

========================================================================
Received Import Request.
  path: ProjectSettings/TagManager.asset
  artifactKey: Guid(00000000000000003000000000000000) Importer(815301076,1909f56bfc062723c751e8b465ee728b)
Start importing ProjectSettings/TagManager.asset using Guid(00000000000000003000000000000000) Importer(815301076,1909f56bfc062723c751e8b465ee728b)  -> (artifact id: '9315883474cd13f70b93aea96d40eca6') in 0.071857 seconds
  Import took 0.077534 seconds .

========================================================================
Received Import Request.
  Time since last request: 44.483788 seconds.
  path: Assets/Macro/Bullet.asset
  artifactKey: Guid(f879634963548fe40955de9e54a1d915) Importer(815301076,1909f56bfc062723c751e8b465ee728b)
Start importing Assets/Macro/Bullet.asset using Guid(f879634963548fe40955de9e54a1d915) Importer(815301076,1909f56bfc062723c751e8b465ee728b)  -> (artifact id: 'f7cc8bf313743a8cb5799f6a39b906b1') in 0.585153 seconds
  Import took 0.590111 seconds .

========================================================================
Received Import Request.
  Time since last request: 0.000275 seconds.
  path: Assets/Macro/Player.asset
  artifactKey: Guid(4e928c3de6ceb854db94a66be43994e9) Importer(815301076,1909f56bfc062723c751e8b465ee728b)
Start importing Assets/Macro/Player.asset using Guid(4e928c3de6ceb854db94a66be43994e9) Importer(815301076,1909f56bfc062723c751e8b465ee728b)  -> (artifact id: '487cc1dc64a9c28eefd6e62d314ec902') in 0.215608 seconds
  Import took 0.220274 seconds .

========================================================================
Received Import Request.
  Time since last request: 0.000225 seconds.
  path: Assets/Macro/Enemy.asset
  artifactKey: Guid(ec19c23ffe2aaa04ab5044a9d14cd914) Importer(815301076,1909f56bfc062723c751e8b465ee728b)
Start importing Assets/Macro/Enemy.asset using Guid(ec19c23ffe2aaa04ab5044a9d14cd914) Importer(815301076,1909f56bfc062723c751e8b465ee728b)  -> (artifact id: 'fb7957cc7b7095cedc4feb84d7e0b6b9') in 0.083796 seconds
  Import took 0.087218 seconds .

========================================================================
Received Import Request.
  Time since last request: 10.137465 seconds.
  path: Assets/Prefabs/Bullet.prefab
  artifactKey: Guid(28daf9ecb72c55049965b4ba32f07750) Importer(815301076,1909f56bfc062723c751e8b465ee728b)
Start importing Assets/Prefabs/Bullet.prefab using Guid(28daf9ecb72c55049965b4ba32f07750) Importer(815301076,1909f56bfc062723c751e8b465ee728b)  -> (artifact id: '97a9f5de786ab4446185d970ad802117') in 0.143959 seconds
  Import took 0.157653 seconds .

========================================================================
Received Import Request.
  Time since last request: 388.745473 seconds.
  path: Assets/Animation/Enemy.controller
  artifactKey: Guid(b2fade4e75bca85468edd25ea51673be) Importer(815301076,1909f56bfc062723c751e8b465ee728b)
Start importing Assets/Animation/Enemy.controller using Guid(b2fade4e75bca85468edd25ea51673be) Importer(815301076,1909f56bfc062723c751e8b465ee728b)  -> (artifact id: 'a4c8180aa186cd1254054c04b3edc4fc') in 0.014592 seconds
  Import took 0.019205 seconds .

========================================================================
Received Prepare
Registering precompiled user dll's ...
Registered in 0.072984 seconds.
Begin MonoManager ReloadAssembly
Native extension for WindowsStandalone target not found
Refreshing native plugins compatible for Editor in 9.43 ms, found 2 plugins.
Preloading 0 native plugins for Editor in 0.00 ms.
Invoked RoslynAnalysisRunner static constructor.
RoslynAnalysisRunner will not be running.
RoslynAnalysisRunner has terminated.
Mono: successfully reloaded assembly
- Completed reload, in  2.760 seconds
Platform modules already initialized, skipping
Refreshing native plugins compatible for Editor in 0.51 ms, found 2 plugins.
Preloading 0 native plugins for Editor in 0.00 ms.
Unloading 1804 Unused Serialized files (Serialized files now loaded: 0)
System memory in use before: 91.1 MB.
System memory in use after: 91.1 MB.

Unloading 29 unused Assets to reduce memory usage. Loaded Objects now: 2330.
Total: 2.190200 ms (FindLiveObjects: 0.266500 ms CreateObjectMapping: 0.075900 ms MarkObjects: 1.740300 ms  DeleteObjects: 0.106300 ms)

========================================================================
Received Prepare
Registering precompiled user dll's ...
Registered in 0.029300 seconds.
Begin MonoManager ReloadAssembly
Native extension for WindowsStandalone target not found
Refreshing native plugins compatible for Editor in 0.48 ms, found 2 plugins.
Preloading 0 native plugins for Editor in 0.00 ms.
Invoked RoslynAnalysisRunner static constructor.
RoslynAnalysisRunner will not be running.
RoslynAnalysisRunner has terminated.
Mono: successfully reloaded assembly
- Completed reload, in  1.811 seconds
Platform modules already initialized, skipping
Refreshing native plugins compatible for Editor in 0.53 ms, found 2 plugins.
Preloading 0 native plugins for Editor in 0.00 ms.
Unloading 1804 Unused Serialized files (Serialized files now loaded: 0)
System memory in use before: 91.2 MB.
System memory in use after: 91.2 MB.

Unloading 28 unused Assets to reduce memory usage. Loaded Objects now: 2333.
Total: 5.038700 ms (FindLiveObjects: 0.567900 ms CreateObjectMapping: 0.417500 ms MarkObjects: 3.921300 ms  DeleteObjects: 0.129700 ms)

========================================================================
Received Import Request.
  Time since last request: 811.450279 seconds.
  path: Assets/Prefabs/Bullet.prefab
  artifactKey: Guid(28daf9ecb72c55049965b4ba32f07750) Importer(815301076,1909f56bfc062723c751e8b465ee728b)
Start importing Assets/Prefabs/Bullet.prefab using Guid(28daf9ecb72c55049965b4ba32f07750) Importer(815301076,1909f56bfc062723c751e8b465ee728b)  -> (artifact id: '9088a6f8116a52dd77640d86658b5d0d') in 0.761617 seconds
  Import took 0.775408 seconds .

========================================================================
Received Prepare
Registering precompiled user dll's ...
Registered in 0.028867 seconds.
Begin MonoManager ReloadAssembly
Native extension for WindowsStandalone target not found
Refreshing native plugins compatible for Editor in 0.98 ms, found 2 plugins.
Preloading 0 native plugins for Editor in 0.00 ms.
Invoked RoslynAnalysisRunner static constructor.
RoslynAnalysisRunner will not be running.
RoslynAnalysisRunner has terminated.
Mono: successfully reloaded assembly
- Completed reload, in  1.332 seconds
Platform modules already initialized, skipping
Refreshing native plugins compatible for Editor in 0.80 ms, found 2 plugins.
Preloading 0 native plugins for Editor in 0.00 ms.
Unloading 1804 Unused Serialized files (Serialized files now loaded: 0)
System memory in use before: 91.3 MB.
System memory in use after: 91.3 MB.

Unloading 28 unused Assets to reduce memory usage. Loaded Objects now: 2337.
Total: 2.758500 ms (FindLiveObjects: 0.251100 ms CreateObjectMapping: 0.076300 ms MarkObjects: 2.248700 ms  DeleteObjects: 0.179900 ms)

========================================================================
Received Import Request.
  Time since last request: 103.143267 seconds.
  path: Assets/Prefabs/Bullet.prefab
  artifactKey: Guid(28daf9ecb72c55049965b4ba32f07750) Importer(815301076,1909f56bfc062723c751e8b465ee728b)
Start importing Assets/Prefabs/Bullet.prefab using Guid(28daf9ecb72c55049965b4ba32f07750) Importer(815301076,1909f56bfc062723c751e8b465ee728b)  -> (artifact id: '3e3fd363d65d37867cdcd773eb6251b5') in 0.712466 seconds
  Import took 0.726931 seconds .

========================================================================
Received Prepare
Registering precompiled user dll's ...
Registered in 0.019707 seconds.
Begin MonoManager ReloadAssembly
Native extension for WindowsStandalone target not found
Refreshing native plugins compatible for Editor in 0.93 ms, found 2 plugins.
Preloading 0 native plugins for Editor in 0.00 ms.
Invoked RoslynAnalysisRunner static constructor.
RoslynAnalysisRunner will not be running.
RoslynAnalysisRunner has terminated.
Mono: successfully reloaded assembly
- Completed reload, in  1.224 seconds
Platform modules already initialized, skipping
Refreshing native plugins compatible for Editor in 0.94 ms, found 2 plugins.
Preloading 0 native plugins for Editor in 0.00 ms.
Unloading 1804 Unused Serialized files (Serialized files now loaded: 0)
System memory in use before: 91.4 MB.
System memory in use after: 91.4 MB.

Unloading 28 unused Assets to reduce memory usage. Loaded Objects now: 2341.
Total: 2.124400 ms (FindLiveObjects: 0.220300 ms CreateObjectMapping: 0.064500 ms MarkObjects: 1.733700 ms  DeleteObjects: 0.104900 ms)

========================================================================
Received Import Request.
  Time since last request: 60.101393 seconds.
  path: Assets/Animation/Enemy_Death.anim
  artifactKey: Guid(1ab9c133c1ba7484d94331e1166d6545) Importer(815301076,1909f56bfc062723c751e8b465ee728b)
Start importing Assets/Animation/Enemy_Death.anim using Guid(1ab9c133c1ba7484d94331e1166d6545) Importer(815301076,1909f56bfc062723c751e8b465ee728b)  -> (artifact id: '7793c4e896bd3b2a225d7751bbce7dd3') in 0.028504 seconds
  Import took 0.033432 seconds .

========================================================================
Received Import Request.
  Time since last request: 0.077345 seconds.
  path: Assets/Animation/Enemy_Death.anim
  artifactKey: Guid(1ab9c133c1ba7484d94331e1166d6545) Importer(815301076,1909f56bfc062723c751e8b465ee728b)
Start importing Assets/Animation/Enemy_Death.anim using Guid(1ab9c133c1ba7484d94331e1166d6545) Importer(815301076,1909f56bfc062723c751e8b465ee728b)  -> (artifact id: '7793c4e896bd3b2a225d7751bbce7dd3') in 0.007030 seconds
  Import took 0.016240 seconds .

========================================================================
Received Import Request.
  Time since last request: 2.131453 seconds.
  path: Assets/Animation/Enemy.controller
  artifactKey: Guid(b2fade4e75bca85468edd25ea51673be) Importer(815301076,1909f56bfc062723c751e8b465ee728b)
Start importing Assets/Animation/Enemy.controller using Guid(b2fade4e75bca85468edd25ea51673be) Importer(815301076,1909f56bfc062723c751e8b465ee728b)  -> (artifact id: '5fa575a831a44f45547f5a4152bee6c2') in 0.008200 seconds
  Import took 0.019428 seconds .

========================================================================
Received Prepare
Registering precompiled user dll's ...
Registered in 0.022770 seconds.
Begin MonoManager ReloadAssembly
Native extension for WindowsStandalone target not found
Refreshing native plugins compatible for Editor in 0.94 ms, found 2 plugins.
Preloading 0 native plugins for Editor in 0.00 ms.
Invoked RoslynAnalysisRunner static constructor.
RoslynAnalysisRunner will not be running.
RoslynAnalysisRunner has terminated.
Mono: successfully reloaded assembly
- Completed reload, in  1.378 seconds
Platform modules already initialized, skipping
Refreshing native plugins compatible for Editor in 0.77 ms, found 2 plugins.
Preloading 0 native plugins for Editor in 0.00 ms.
Unloading 1804 Unused Serialized files (Serialized files now loaded: 0)
System memory in use before: 91.5 MB.
System memory in use after: 91.5 MB.

Unloading 28 unused Assets to reduce memory usage. Loaded Objects now: 2344.
Total: 2.140500 ms (FindLiveObjects: 0.245900 ms CreateObjectMapping: 0.073000 ms MarkObjects: 1.714200 ms  DeleteObjects: 0.106500 ms)

========================================================================
Received Prepare
Registering precompiled user dll's ...
Registered in 0.023669 seconds.
Begin MonoManager ReloadAssembly
Native extension for WindowsStandalone target not found
Refreshing native plugins compatible for Editor in 0.53 ms, found 2 plugins.
Preloading 0 native plugins for Editor in 0.00 ms.
Invoked RoslynAnalysisRunner static constructor.
RoslynAnalysisRunner will not be running.
RoslynAnalysisRunner has terminated.
Mono: successfully reloaded assembly
- Completed reload, in  1.233 seconds
Platform modules already initialized, skipping
Refreshing native plugins compatible for Editor in 0.45 ms, found 2 plugins.
Preloading 0 native plugins for Editor in 0.00 ms.
Unloading 1804 Unused Serialized files (Serialized files now loaded: 0)
System memory in use before: 91.6 MB.
System memory in use after: 91.6 MB.

Unloading 28 unused Assets to reduce memory usage. Loaded Objects now: 2347.
Total: 2.493800 ms (FindLiveObjects: 0.264300 ms CreateObjectMapping: 0.075400 ms MarkObjects: 2.040300 ms  DeleteObjects: 0.112300 ms)

========================================================================
Received Import Request.
  Time since last request: 88.391311 seconds.
  path: Assets/Animation/Enemy_Death.anim
  artifactKey: Guid(1ab9c133c1ba7484d94331e1166d6545) Importer(815301076,1909f56bfc062723c751e8b465ee728b)
Start importing Assets/Animation/Enemy_Death.anim using Guid(1ab9c133c1ba7484d94331e1166d6545) Importer(815301076,1909f56bfc062723c751e8b465ee728b)  -> (artifact id: 'a9310f8192573ec763bd6a614343ba73') in 0.016366 seconds
  Import took 0.026609 seconds .

========================================================================
Received Import Request.
  Time since last request: 53.118780 seconds.
  path: Assets/Animation/Enemy_Walk.anim
  artifactKey: Guid(866c62046d1a0e14ea77869034620e31) Importer(815301076,1909f56bfc062723c751e8b465ee728b)
Start importing Assets/Animation/Enemy_Walk.anim using Guid(866c62046d1a0e14ea77869034620e31) Importer(815301076,1909f56bfc062723c751e8b465ee728b)  -> (artifact id: '4555125001edab2f88cafc1775ff0ac2') in 0.007638 seconds
  Import took 0.013235 seconds .

========================================================================
Received Import Request.
  Time since last request: 0.002519 seconds.
  path: Assets/Animation/Enemy_Walk.anim
  artifactKey: Guid(866c62046d1a0e14ea77869034620e31) Importer(815301076,1909f56bfc062723c751e8b465ee728b)
Start importing Assets/Animation/Enemy_Walk.anim using Guid(866c62046d1a0e14ea77869034620e31) Importer(815301076,1909f56bfc062723c751e8b465ee728b)  -> (artifact id: '4555125001edab2f88cafc1775ff0ac2') in 0.017531 seconds
  Import took 0.021856 seconds .

========================================================================
Received Import Request.
  Time since last request: 0.661972 seconds.
  path: Assets/Animation/Player.controller
  artifactKey: Guid(d9f1701a22bed104aafa2da12234b038) Importer(815301076,1909f56bfc062723c751e8b465ee728b)
Start importing Assets/Animation/Player.controller using Guid(d9f1701a22bed104aafa2da12234b038) Importer(815301076,1909f56bfc062723c751e8b465ee728b)  -> (artifact id: '81e4ad890a116a947967b86fe7094e04') in 0.018633 seconds
  Import took 0.028786 seconds .

========================================================================
Received Import Request.
  Time since last request: 2.611519 seconds.
  path: Assets/Animation/ChomperDEATH_Paint_01.controller
  artifactKey: Guid(9b4b8e673c9b2b04c9d5faf0ff04f8f4) Importer(815301076,1909f56bfc062723c751e8b465ee728b)
Start importing Assets/Animation/ChomperDEATH_Paint_01.controller using Guid(9b4b8e673c9b2b04c9d5faf0ff04f8f4) Importer(815301076,1909f56bfc062723c751e8b465ee728b)  -> (artifact id: 'de33437e2ca758d7451a8fb7e22c4302') in 0.014728 seconds
  Import took 0.020225 seconds .

========================================================================
Received Prepare
Registering precompiled user dll's ...
Registered in 0.018942 seconds.
Begin MonoManager ReloadAssembly
Native extension for WindowsStandalone target not found
Refreshing native plugins compatible for Editor in 0.54 ms, found 2 plugins.
Preloading 0 native plugins for Editor in 0.00 ms.
Invoked RoslynAnalysisRunner static constructor.
RoslynAnalysisRunner will not be running.
RoslynAnalysisRunner has terminated.
Mono: successfully reloaded assembly
- Completed reload, in  1.604 seconds
Platform modules already initialized, skipping
Refreshing native plugins compatible for Editor in 0.45 ms, found 2 plugins.
Preloading 0 native plugins for Editor in 0.00 ms.
Unloading 1804 Unused Serialized files (Serialized files now loaded: 0)
System memory in use before: 91.7 MB.
System memory in use after: 91.7 MB.

Unloading 28 unused Assets to reduce memory usage. Loaded Objects now: 2350.
Total: 2.590600 ms (FindLiveObjects: 0.284700 ms CreateObjectMapping: 0.072500 ms MarkObjects: 2.059500 ms  DeleteObjects: 0.166900 ms)

========================================================================
Received Import Request.
  Time since last request: 309.823666 seconds.
  path: Assets/arts/Script/Camera.cs
  artifactKey: Guid(bfc55625963b2374a8e8478058fd4540) Importer(815301076,1909f56bfc062723c751e8b465ee728b)
Start importing Assets/arts/Script/Camera.cs using Guid(bfc55625963b2374a8e8478058fd4540) Importer(815301076,1909f56bfc062723c751e8b465ee728b)  -> (artifact id: '0fdeee8b2777375d0c5d3eb837d333a5') in 0.034050 seconds
  Import took 0.042507 seconds .

========================================================================
Received Prepare
Registering precompiled user dll's ...
Registered in 0.023052 seconds.
Begin MonoManager ReloadAssembly
Native extension for WindowsStandalone target not found
Refreshing native plugins compatible for Editor in 0.57 ms, found 2 plugins.
Preloading 0 native plugins for Editor in 0.00 ms.
Invoked RoslynAnalysisRunner static constructor.
RoslynAnalysisRunner will not be running.
RoslynAnalysisRunner has terminated.
Mono: successfully reloaded assembly
- Completed reload, in  3.895 seconds
Platform modules already initialized, skipping
Refreshing native plugins compatible for Editor in 0.65 ms, found 2 plugins.
Preloading 0 native plugins for Editor in 0.00 ms.
Unloading 1805 Unused Serialized files (Serialized files now loaded: 0)
System memory in use before: 91.8 MB.
System memory in use after: 91.8 MB.

Unloading 28 unused Assets to reduce memory usage. Loaded Objects now: 2354.
Total: 5.768300 ms (FindLiveObjects: 0.470500 ms CreateObjectMapping: 0.468700 ms MarkObjects: 4.679000 ms  DeleteObjects: 0.145900 ms)

========================================================================
Received Import Request.
  Time since last request: 12013.667578 seconds.
  path: Assets/Animation/ChomperDEATH_Paint_01.controller
  artifactKey: Guid(9b4b8e673c9b2b04c9d5faf0ff04f8f4) Importer(815301076,1909f56bfc062723c751e8b465ee728b)
Start importing Assets/Animation/ChomperDEATH_Paint_01.controller using Guid(9b4b8e673c9b2b04c9d5faf0ff04f8f4) Importer(815301076,1909f56bfc062723c751e8b465ee728b)  -> (artifact id: '3b7a0b13ed6fb3bd8cd209a5637b692d') in 0.189887 seconds
  Import took 0.265312 seconds .

========================================================================
Received Import Request.
  Time since last request: 10.516371 seconds.
  path: Assets/Animation/Enemy_Deatg.anim
  artifactKey: Guid(f0bc2ef339e769f4aa47b860f3810d7d) Importer(815301076,1909f56bfc062723c751e8b465ee728b)
Start importing Assets/Animation/Enemy_Deatg.anim using Guid(f0bc2ef339e769f4aa47b860f3810d7d) Importer(815301076,1909f56bfc062723c751e8b465ee728b)  -> (artifact id: 'ea113b5b931755dd96f9c6d42f5d56dd') in 0.015193 seconds
  Import took 0.021159 seconds .

========================================================================
Received Import Request.
  Time since last request: 0.001356 seconds.
  path: Assets/Animation/Enemy_Deatg.anim
  artifactKey: Guid(f0bc2ef339e769f4aa47b860f3810d7d) Importer(815301076,1909f56bfc062723c751e8b465ee728b)
Start importing Assets/Animation/Enemy_Deatg.anim using Guid(f0bc2ef339e769f4aa47b860f3810d7d) Importer(815301076,1909f56bfc062723c751e8b465ee728b)  -> (artifact id: 'ea113b5b931755dd96f9c6d42f5d56dd') in 0.007114 seconds
  Import took 0.011093 seconds .

========================================================================
Received Prepare
Registering precompiled user dll's ...
Registered in 0.018315 seconds.
Begin MonoManager ReloadAssembly
Native extension for WindowsStandalone target not found
Refreshing native plugins compatible for Editor in 0.65 ms, found 2 plugins.
Preloading 0 native plugins for Editor in 0.00 ms.
Invoked RoslynAnalysisRunner static constructor.
RoslynAnalysisRunner will not be running.
RoslynAnalysisRunner has terminated.
Mono: successfully reloaded assembly
- Completed reload, in  1.255 seconds
Platform modules already initialized, skipping
Refreshing native plugins compatible for Editor in 0.53 ms, found 2 plugins.
Preloading 0 native plugins for Editor in 0.00 ms.
Unloading 1805 Unused Serialized files (Serialized files now loaded: 0)
System memory in use before: 91.9 MB.
System memory in use after: 91.9 MB.

Unloading 28 unused Assets to reduce memory usage. Loaded Objects now: 2357.
Total: 3.089000 ms (FindLiveObjects: 0.239800 ms CreateObjectMapping: 0.100400 ms MarkObjects: 2.613500 ms  DeleteObjects: 0.133800 ms)

========================================================================
Received Prepare
Registering precompiled user dll's ...
Registered in 0.015500 seconds.
Begin MonoManager ReloadAssembly
Native extension for WindowsStandalone target not found
Refreshing native plugins compatible for Editor in 0.46 ms, found 2 plugins.
Preloading 0 native plugins for Editor in 0.00 ms.
Invoked RoslynAnalysisRunner static constructor.
RoslynAnalysisRunner will not be running.
RoslynAnalysisRunner has terminated.
Mono: successfully reloaded assembly
- Completed reload, in  1.310 seconds
Platform modules already initialized, skipping
Refreshing native plugins compatible for Editor in 0.45 ms, found 2 plugins.
Preloading 0 native plugins for Editor in 0.00 ms.
Unloading 1805 Unused Serialized files (Serialized files now loaded: 0)
System memory in use before: 92.0 MB.
System memory in use after: 92.0 MB.

Unloading 28 unused Assets to reduce memory usage. Loaded Objects now: 2360.
Total: 33.172100 ms (FindLiveObjects: 3.992400 ms CreateObjectMapping: 3.686400 ms MarkObjects: 25.338700 ms  DeleteObjects: 0.152700 ms)

========================================================================
Received Prepare
Registering precompiled user dll's ...
Registered in 0.016966 seconds.
Begin MonoManager ReloadAssembly
Native extension for WindowsStandalone target not found
Refreshing native plugins compatible for Editor in 0.45 ms, found 2 plugins.
Preloading 0 native plugins for Editor in 0.00 ms.
Invoked RoslynAnalysisRunner static constructor.
RoslynAnalysisRunner will not be running.
RoslynAnalysisRunner has terminated.
Mono: successfully reloaded assembly
- Completed reload, in  1.224 seconds
Platform modules already initialized, skipping
Refreshing native plugins compatible for Editor in 0.45 ms, found 2 plugins.
Preloading 0 native plugins for Editor in 0.00 ms.
Unloading 1805 Unused Serialized files (Serialized files now loaded: 0)
System memory in use before: 92.1 MB.
System memory in use after: 92.0 MB.

Unloading 28 unused Assets to reduce memory usage. Loaded Objects now: 2363.
Total: 2.405900 ms (FindLiveObjects: 0.239700 ms CreateObjectMapping: 0.078400 ms MarkObjects: 1.940600 ms  DeleteObjects: 0.146100 ms)

========================================================================
Received Prepare
Registering precompiled user dll's ...
Registered in 0.017632 seconds.
Begin MonoManager ReloadAssembly
Native extension for WindowsStandalone target not found
Refreshing native plugins compatible for Editor in 0.47 ms, found 2 plugins.
Preloading 0 native plugins for Editor in 0.00 ms.
Invoked RoslynAnalysisRunner static constructor.
RoslynAnalysisRunner will not be running.
RoslynAnalysisRunner has terminated.
Mono: successfully reloaded assembly
- Completed reload, in  1.215 seconds
Platform modules already initialized, skipping
Refreshing native plugins compatible for Editor in 0.51 ms, found 2 plugins.
Preloading 0 native plugins for Editor in 0.00 ms.
Unloading 1805 Unused Serialized files (Serialized files now loaded: 0)
System memory in use before: 92.1 MB.
System memory in use after: 92.1 MB.

Unloading 28 unused Assets to reduce memory usage. Loaded Objects now: 2366.
Total: 2.806400 ms (FindLiveObjects: 0.263200 ms CreateObjectMapping: 0.092500 ms MarkObjects: 2.231700 ms  DeleteObjects: 0.217600 ms)

========================================================================
Received Prepare
Registering precompiled user dll's ...
Registered in 0.015850 seconds.
Begin MonoManager ReloadAssembly
Native extension for WindowsStandalone target not found
Refreshing native plugins compatible for Editor in 0.45 ms, found 2 plugins.
Preloading 0 native plugins for Editor in 0.00 ms.
Invoked RoslynAnalysisRunner static constructor.
RoslynAnalysisRunner will not be running.
RoslynAnalysisRunner has terminated.
Mono: successfully reloaded assembly
- Completed reload, in  1.070 seconds
Platform modules already initialized, skipping
Refreshing native plugins compatible for Editor in 0.55 ms, found 2 plugins.
Preloading 0 native plugins for Editor in 0.00 ms.
Unloading 1805 Unused Serialized files (Serialized files now loaded: 0)
System memory in use before: 92.2 MB.
System memory in use after: 92.2 MB.

Unloading 28 unused Assets to reduce memory usage. Loaded Objects now: 2369.
Total: 2.448000 ms (FindLiveObjects: 0.262400 ms CreateObjectMapping: 0.082300 ms MarkObjects: 1.894000 ms  DeleteObjects: 0.208200 ms)

========================================================================
Received Prepare
Registering precompiled user dll's ...
Registered in 0.020599 seconds.
Begin MonoManager ReloadAssembly
Native extension for WindowsStandalone target not found
Refreshing native plugins compatible for Editor in 0.46 ms, found 2 plugins.
Preloading 0 native plugins for Editor in 0.00 ms.
Invoked RoslynAnalysisRunner static constructor.
RoslynAnalysisRunner will not be running.
RoslynAnalysisRunner has terminated.
Mono: successfully reloaded assembly
- Completed reload, in  1.281 seconds
Platform modules already initialized, skipping
Refreshing native plugins compatible for Editor in 0.47 ms, found 2 plugins.
Preloading 0 native plugins for Editor in 0.00 ms.
Unloading 1805 Unused Serialized files (Serialized files now loaded: 0)
System memory in use before: 92.3 MB.
System memory in use after: 92.3 MB.

Unloading 28 unused Assets to reduce memory usage. Loaded Objects now: 2372.
Total: 2.243700 ms (FindLiveObjects: 0.229600 ms CreateObjectMapping: 0.072900 ms MarkObjects: 1.823000 ms  DeleteObjects: 0.116900 ms)

========================================================================
Received Prepare
Registering precompiled user dll's ...
Registered in 0.017513 seconds.
Begin MonoManager ReloadAssembly
Native extension for WindowsStandalone target not found
Refreshing native plugins compatible for Editor in 0.69 ms, found 2 plugins.
Preloading 0 native plugins for Editor in 0.00 ms.
Invoked RoslynAnalysisRunner static constructor.
RoslynAnalysisRunner will not be running.
RoslynAnalysisRunner has terminated.
Mono: successfully reloaded assembly
- Completed reload, in  1.199 seconds
Platform modules already initialized, skipping
Refreshing native plugins compatible for Editor in 0.46 ms, found 2 plugins.
Preloading 0 native plugins for Editor in 0.00 ms.
Unloading 1805 Unused Serialized files (Serialized files now loaded: 0)
System memory in use before: 92.4 MB.
System memory in use after: 92.4 MB.

Unloading 28 unused Assets to reduce memory usage. Loaded Objects now: 2375.
Total: 2.021500 ms (FindLiveObjects: 0.236800 ms CreateObjectMapping: 0.077800 ms MarkObjects: 1.596400 ms  DeleteObjects: 0.109200 ms)

========================================================================
Received Import Request.
  Time since last request: 301.102770 seconds.
  path: Assets/Animation/Enemy_Death.anim
  artifactKey: Guid(f0bc2ef339e769f4aa47b860f3810d7d) Importer(815301076,1909f56bfc062723c751e8b465ee728b)
Start importing Assets/Animation/Enemy_Death.anim using Guid(f0bc2ef339e769f4aa47b860f3810d7d) Importer(815301076,1909f56bfc062723c751e8b465ee728b)  -> (artifact id: '9858a67497541b29992e6fa2f66d9cd7') in 0.018937 seconds
  Import took 0.023519 seconds .

========================================================================
Received Prepare
Registering precompiled user dll's ...
Registered in 0.019203 seconds.
Begin MonoManager ReloadAssembly
Native extension for WindowsStandalone target not found
Refreshing native plugins compatible for Editor in 0.47 ms, found 2 plugins.
Preloading 0 native plugins for Editor in 0.00 ms.
Invoked RoslynAnalysisRunner static constructor.
RoslynAnalysisRunner will not be running.
RoslynAnalysisRunner has terminated.
Mono: successfully reloaded assembly
- Completed reload, in  3.406 seconds
Platform modules already initialized, skipping
Refreshing native plugins compatible for Editor in 0.47 ms, found 2 plugins.
Preloading 0 native plugins for Editor in 0.00 ms.
Unloading 1805 Unused Serialized files (Serialized files now loaded: 0)
System memory in use before: 92.5 MB.
System memory in use after: 92.5 MB.

Unloading 28 unused Assets to reduce memory usage. Loaded Objects now: 2378.
Total: 3.031800 ms (FindLiveObjects: 0.318000 ms CreateObjectMapping: 0.112700 ms MarkObjects: 2.483800 ms  DeleteObjects: 0.115400 ms)

========================================================================
Received Import Request.
  Time since last request: 266.731310 seconds.
  path: Assets/arts/Script/Camera.cs
  artifactKey: Guid(bfc55625963b2374a8e8478058fd4540) Importer(815301076,1909f56bfc062723c751e8b465ee728b)
Start importing Assets/arts/Script/Camera.cs using Guid(bfc55625963b2374a8e8478058fd4540) Importer(815301076,1909f56bfc062723c751e8b465ee728b)  -> (artifact id: '274fd4ef56bbfdd06ef17f55b9f6b52d') in 0.008529 seconds
  Import took 0.013145 seconds .

========================================================================
Received Import Request.
  Time since last request: 411.043040 seconds.
  path: Assets/arts/Script/Camera.cs
  artifactKey: Guid(bfc55625963b2374a8e8478058fd4540) Importer(815301076,1909f56bfc062723c751e8b465ee728b)
Start importing Assets/arts/Script/Camera.cs using Guid(bfc55625963b2374a8e8478058fd4540) Importer(815301076,1909f56bfc062723c751e8b465ee728b)  -> (artifact id: '000f7473ca1dc70ea82d60b5e2390c33') in 0.009556 seconds
  Import took 0.017747 seconds .

========================================================================
Received Import Request.
  Time since last request: 431.669408 seconds.
  path: Assets/arts/Script/Camera.cs
  artifactKey: Guid(bfc55625963b2374a8e8478058fd4540) Importer(815301076,1909f56bfc062723c751e8b465ee728b)
Start importing Assets/arts/Script/Camera.cs using Guid(bfc55625963b2374a8e8478058fd4540) Importer(815301076,1909f56bfc062723c751e8b465ee728b)  -> (artifact id: '2beed0d0ff22fb444ddc399f7ad23230') in 0.006036 seconds
  Import took 0.011519 seconds .

========================================================================
Received Import Request.
  Time since last request: 0.000840 seconds.
  path: Assets/arts/Script/Camera.cs
  artifactKey: Guid(bfc55625963b2374a8e8478058fd4540) Importer(815301076,1909f56bfc062723c751e8b465ee728b)
Start importing Assets/arts/Script/Camera.cs using Guid(bfc55625963b2374a8e8478058fd4540) Importer(815301076,1909f56bfc062723c751e8b465ee728b)  -> (artifact id: '2beed0d0ff22fb444ddc399f7ad23230') in 0.006281 seconds
  Import took 0.010366 seconds .

========================================================================
Received Prepare
Registering precompiled user dll's ...
Registered in 0.016235 seconds.
Begin MonoManager ReloadAssembly
Native extension for WindowsStandalone target not found
Refreshing native plugins compatible for Editor in 0.60 ms, found 2 plugins.
Preloading 0 native plugins for Editor in 0.00 ms.
Invoked RoslynAnalysisRunner static constructor.
RoslynAnalysisRunner will not be running.
RoslynAnalysisRunner has terminated.
Mono: successfully reloaded assembly
- Completed reload, in  2.403 seconds
Platform modules already initialized, skipping
Refreshing native plugins compatible for Editor in 0.53 ms, found 2 plugins.
Preloading 0 native plugins for Editor in 0.00 ms.
Unloading 1805 Unused Serialized files (Serialized files now loaded: 0)
System memory in use before: 92.8 MB.
System memory in use after: 92.8 MB.

Unloading 28 unused Assets to reduce memory usage. Loaded Objects now: 2381.
Total: 3.057700 ms (FindLiveObjects: 0.277800 ms CreateObjectMapping: 0.102600 ms MarkObjects: 2.507500 ms  DeleteObjects: 0.168400 ms)

========================================================================
Received Import Request.
  Time since last request: 163.708610 seconds.
  path: Assets/arts/Script/Camera.cs
  artifactKey: Guid(bfc55625963b2374a8e8478058fd4540) Importer(815301076,1909f56bfc062723c751e8b465ee728b)
Start importing Assets/arts/Script/Camera.cs using Guid(bfc55625963b2374a8e8478058fd4540) Importer(815301076,1909f56bfc062723c751e8b465ee728b)  -> (artifact id: 'ab128ba60ce8006d29b5e9c080543894') in 0.007536 seconds
  Import took 0.010779 seconds .

========================================================================
Received Prepare
Registering precompiled user dll's ...
Registered in 0.018363 seconds.
Begin MonoManager ReloadAssembly
Native extension for WindowsStandalone target not found
Refreshing native plugins compatible for Editor in 0.46 ms, found 2 plugins.
Preloading 0 native plugins for Editor in 0.00 ms.
Invoked RoslynAnalysisRunner static constructor.
RoslynAnalysisRunner will not be running.
RoslynAnalysisRunner has terminated.
Mono: successfully reloaded assembly
- Completed reload, in  1.058 seconds
Platform modules already initialized, skipping
Refreshing native plugins compatible for Editor in 0.66 ms, found 2 plugins.
Preloading 0 native plugins for Editor in 0.00 ms.
Unloading 1805 Unused Serialized files (Serialized files now loaded: 0)
System memory in use before: 92.8 MB.
System memory in use after: 92.8 MB.

Unloading 28 unused Assets to reduce memory usage. Loaded Objects now: 2384.
Total: 2.973400 ms (FindLiveObjects: 0.274600 ms CreateObjectMapping: 0.119600 ms MarkObjects: 2.354200 ms  DeleteObjects: 0.223300 ms)

AssetImportWorkerClient::OnTransportError - code=2 error=End of file
